<?xml version="1.0" encoding="UTF-8"?>
<!-- Generated by org.testng.reporters.JUnitReportReporter -->
<testsuite skipped="0" hostname="LAP0227" name="TestNopCommerce" tests="12" failures="0" timestamp="08 Aug 2019 01:29:56 GMT" time="183.837" errors="0">
  <testcase name="agregarWishlist" time="11.400" classname="TestNopCommerce"/>
  <testcase name="agregarWishlist" time="9.867" classname="TestNopCommerce"/>
  <testcase name="checkOutConEfectivo" time="24.531" classname="TestNopCommerce"/>
  <testcase name="newAddress" time="10.011" classname="TestNopCommerce"/>
  <testcase name="removeItemFromCart" time="23.332" classname="TestNopCommerce"/>
  <testcase name="agregarWishlist" time="10.024" classname="TestNopCommerce"/>
  <testcase name="agregarWishlist" time="10.492" classname="TestNopCommerce"/>
  <testcase name="checkOutConTarjetaDeCredito" time="38.286" classname="TestNopCommerce"/>
  <testcase name="compareProducts" time="15.574" classname="TestNopCommerce"/>
  <testcase name="sendProductEmailToFriend" time="7.904" classname="TestNopCommerce"/>
  <testcase name="reviewProduct" time="8.352" classname="TestNopCommerce"/>
  <testcase name="agregarWishlist" time="14.064" classname="TestNopCommerce"/>
</testsuite> <!-- TestNopCommerce -->
